<?xml version="1.0" encoding="UTF-8"?>
<testng-results ignored="0" total="1" passed="1" failed="0" skipped="0">
  <reporter-output>
  </reporter-output>
  <suite started-at="2022-09-28T21:16:00 IST" name="Surefire suite" finished-at="2022-09-28T21:16:38 IST" duration-ms="37662">
    <groups>
      <group name="cucumber">
        <method signature="AbstractTestNGCucumberTests.runScenario(io.cucumber.testng.PickleWrapper,io.cucumber.testng.FeatureWrapper)[pri:0, instance:com.ikcon.tech.runner.RunnerTest@4a7f959b]" name="runScenario" class="io.cucumber.testng.AbstractTestNGCucumberTests"/>
      </group> <!-- cucumber -->
    </groups>
    <test started-at="2022-09-28T21:16:00 IST" name="Surefire test" finished-at="2022-09-28T21:16:38 IST" duration-ms="37662">
      <class name="com.ikcon.tech.runner.RunnerTest">
        <test-method is-config="true" signature="setUpClass(org.testng.ITestContext)[pri:0, instance:com.ikcon.tech.runner.RunnerTest@4a7f959b]" started-at="2022-09-28T21:16:00 IST" name="setUpClass" finished-at="2022-09-28T21:16:01 IST" duration-ms="896" status="PASS">
          <params>
            <param index="0">
              <value>
                <![CDATA[org.testng.TestRunner@652b3733]]>
              </value>
            </param>
          </params>
          <reporter-output>
          </reporter-output>
        </test-method> <!-- setUpClass -->
        <test-method signature="runScenario(io.cucumber.testng.PickleWrapper,io.cucumber.testng.FeatureWrapper)[pri:0, instance:com.ikcon.tech.runner.RunnerTest@4a7f959b]" started-at="2022-09-28T21:16:01 IST" name="runScenario" description="Runs Cucumber Scenarios" data-provider="scenarios" finished-at="2022-09-28T21:16:35 IST" duration-ms="33726" status="PASS">
          <params>
            <param index="0">
              <value>
                <![CDATA["User landing on the home page"]]>
              </value>
            </param>
            <param index="1">
              <value>
                <![CDATA["To check the login functionality of the application"]]>
              </value>
            </param>
          </params>
          <reporter-output>
          </reporter-output>
        </test-method> <!-- runScenario -->
        <test-method is-config="true" signature="tearDownClass()[pri:0, instance:com.ikcon.tech.runner.RunnerTest@4a7f959b]" started-at="2022-09-28T21:16:35 IST" name="tearDownClass" finished-at="2022-09-28T21:16:38 IST" duration-ms="2978" status="PASS">
          <reporter-output>
          </reporter-output>
        </test-method> <!-- tearDownClass -->
      </class> <!-- com.ikcon.tech.runner.RunnerTest -->
    </test> <!-- Surefire test -->
  </suite> <!-- Surefire suite -->
</testng-results>
