<?xml version="1.0" encoding="UTF-8"?>
<testng-results ignored="0" total="1" passed="1" failed="0" skipped="0">
  <reporter-output>
  </reporter-output>
  <suite started-at="2022-09-28T21:05:47 IST" name="Default suite" finished-at="2022-09-28T21:06:28 IST" duration-ms="40906">
    <groups>
      <group name="cucumber">
        <method signature="AbstractTestNGCucumberTests.runScenario(io.cucumber.testng.PickleWrapper,io.cucumber.testng.FeatureWrapper)[pri:0, instance:com.ikcon.tech.runner.RunnerTest@312aa7c]" name="runScenario" class="io.cucumber.testng.AbstractTestNGCucumberTests"/>
      </group> <!-- cucumber -->
    </groups>
    <test started-at="2022-09-28T21:05:47 IST" name="Default test" finished-at="2022-09-28T21:06:28 IST" duration-ms="40906">
      <class name="com.ikcon.tech.runner.RunnerTest">
        <test-method is-config="true" signature="setUpClass(org.testng.ITestContext)[pri:0, instance:com.ikcon.tech.runner.RunnerTest@312aa7c]" started-at="2022-09-28T21:05:47 IST" name="setUpClass" finished-at="2022-09-28T21:05:48 IST" duration-ms="938" status="PASS">
          <params>
            <param index="0">
              <value>
                <![CDATA[org.testng.TestRunner@7d8f2eec]]>
              </value>
            </param>
          </params>
          <reporter-output>
          </reporter-output>
        </test-method> <!-- setUpClass -->
        <test-method signature="runScenario(io.cucumber.testng.PickleWrapper,io.cucumber.testng.FeatureWrapper)[pri:0, instance:com.ikcon.tech.runner.RunnerTest@312aa7c]" started-at="2022-09-28T21:05:48 IST" name="runScenario" description="Runs Cucumber Scenarios" data-provider="scenarios" finished-at="2022-09-28T21:06:25 IST" duration-ms="37246" status="PASS">
          <params>
            <param index="0">
              <value>
                <![CDATA["User landing on the home page"]]>
              </value>
            </param>
            <param index="1">
              <value>
                <![CDATA["To check the login functionality of the application"]]>
              </value>
            </param>
          </params>
          <reporter-output>
          </reporter-output>
        </test-method> <!-- runScenario -->
        <test-method is-config="true" signature="tearDownClass()[pri:0, instance:com.ikcon.tech.runner.RunnerTest@312aa7c]" started-at="2022-09-28T21:06:25 IST" name="tearDownClass" finished-at="2022-09-28T21:06:27 IST" duration-ms="2673" status="PASS">
          <reporter-output>
          </reporter-output>
        </test-method> <!-- tearDownClass -->
      </class> <!-- com.ikcon.tech.runner.RunnerTest -->
    </test> <!-- Default test -->
  </suite> <!-- Default suite -->
</testng-results>
